<?xml version="1.0" encoding="UTF-8"?>
<!-- Generated by org.testng.reporters.JUnitReportReporter -->
<testsuite hostname="Skynet" failures="0" tests="1" name="TestNG.LeadTest" time="23.650" errors="0" timestamp="2024-01-24T11:00:31 IST" skipped="0">
  <testcase classname="TestNG.LeadTest" name="LeadsTest" time="23.650"/>
</testsuite> <!-- TestNG.LeadTest -->
